<?xml version="1.0" encoding="UTF-8"?>
<coverage generated="1613715786962" clover="3.2.0">
  <project timestamp="1613715786962" name="All files">
    <metrics statements="127" coveredstatements="90" conditionals="37" coveredconditionals="16" methods="26" coveredmethods="16" elements="190" coveredelements="122" complexity="0" loc="127" ncloc="127" packages="8" files="11" classes="11"/>
    <package name="server">
      <metrics statements="11" coveredstatements="11" conditionals="0" coveredconditionals="0" methods="0" coveredmethods="0"/>
      <file name="app.js" path="C:\Users\LEGION\Documents\hacktiv8\Final Project\Backend\server\app.js">
        <metrics statements="11" coveredstatements="11" conditionals="0" coveredconditionals="0" methods="0" coveredmethods="0"/>
        <line num="1" count="1" type="stmt"/>
        <line num="2" count="1" type="stmt"/>
        <line num="3" count="1" type="stmt"/>
        <line num="4" count="1" type="stmt"/>
        <line num="5" count="1" type="stmt"/>
        <line num="7" count="1" type="stmt"/>
        <line num="8" count="1" type="stmt"/>
        <line num="9" count="1" type="stmt"/>
        <line num="10" count="1" type="stmt"/>
        <line num="11" count="1" type="stmt"/>
        <line num="13" count="1" type="stmt"/>
      </file>
    </package>
    <package name="server.__test__.helper">
      <metrics statements="4" coveredstatements="4" conditionals="2" coveredconditionals="1" methods="1" coveredmethods="1"/>
      <file name="cleanDb.js" path="C:\Users\LEGION\Documents\hacktiv8\Final Project\Backend\server\__test__\helper\cleanDb.js">
        <metrics statements="4" coveredstatements="4" conditionals="2" coveredconditionals="1" methods="1" coveredmethods="1"/>
        <line num="1" count="1" type="stmt"/>
        <line num="4" count="1" type="cond" truecount="1" falsecount="1"/>
        <line num="5" count="1" type="stmt"/>
        <line num="9" count="1" type="stmt"/>
      </file>
    </package>
    <package name="server.config">
      <metrics statements="10" coveredstatements="10" conditionals="6" coveredconditionals="4" methods="0" coveredmethods="0"/>
      <file name="config.js" path="C:\Users\LEGION\Documents\hacktiv8\Final Project\Backend\server\config\config.js">
        <metrics statements="10" coveredstatements="10" conditionals="6" coveredconditionals="4" methods="0" coveredmethods="0"/>
        <line num="1" count="1" type="cond" truecount="1" falsecount="1"/>
        <line num="2" count="1" type="stmt"/>
        <line num="4" count="1" type="cond" truecount="3" falsecount="1"/>
        <line num="5" count="1" type="stmt"/>
        <line num="7" count="1" type="stmt"/>
        <line num="8" count="1" type="stmt"/>
        <line num="9" count="1" type="stmt"/>
        <line num="10" count="1" type="stmt"/>
        <line num="11" count="1" type="stmt"/>
        <line num="13" count="1" type="stmt"/>
      </file>
    </package>
    <package name="server.controllers">
      <metrics statements="26" coveredstatements="9" conditionals="6" coveredconditionals="0" methods="9" coveredmethods="3"/>
      <file name="authController.js" path="C:\Users\LEGION\Documents\hacktiv8\Final Project\Backend\server\controllers\authController.js">
        <metrics statements="26" coveredstatements="9" conditionals="6" coveredconditionals="0" methods="9" coveredmethods="3"/>
        <line num="1" count="1" type="stmt"/>
        <line num="2" count="1" type="stmt"/>
        <line num="3" count="1" type="stmt"/>
        <line num="7" count="0" type="stmt"/>
        <line num="8" count="0" type="stmt"/>
        <line num="10" count="0" type="cond" truecount="0" falsecount="2"/>
        <line num="11" count="0" type="stmt"/>
        <line num="13" count="0" type="stmt"/>
        <line num="17" count="0" type="stmt"/>
        <line num="22" count="0" type="stmt"/>
        <line num="23" count="0" type="stmt"/>
        <line num="27" count="0" type="cond" truecount="0" falsecount="2"/>
        <line num="28" count="0" type="stmt"/>
        <line num="30" count="0" type="stmt"/>
        <line num="31" count="0" type="cond" truecount="0" falsecount="2"/>
        <line num="32" count="0" type="stmt"/>
        <line num="38" count="0" type="stmt"/>
        <line num="39" count="0" type="stmt"/>
        <line num="41" count="0" type="stmt"/>
        <line num="45" count="0" type="stmt"/>
        <line num="50" count="6" type="stmt"/>
        <line num="52" count="6" type="stmt"/>
        <line num="58" count="6" type="stmt"/>
        <line num="60" count="1" type="stmt"/>
        <line num="68" count="5" type="stmt"/>
        <line num="73" count="1" type="stmt"/>
      </file>
    </package>
    <package name="server.helpers">
      <metrics statements="12" coveredstatements="8" conditionals="0" coveredconditionals="0" methods="4" coveredmethods="1"/>
      <file name="bcrypt.js" path="C:\Users\LEGION\Documents\hacktiv8\Final Project\Backend\server\helpers\bcrypt.js">
        <metrics statements="6" coveredstatements="5" conditionals="0" coveredconditionals="0" methods="2" coveredmethods="1"/>
        <line num="1" count="1" type="stmt"/>
        <line num="4" count="1" type="stmt"/>
        <line num="5" count="1" type="stmt"/>
        <line num="6" count="1" type="stmt"/>
        <line num="10" count="0" type="stmt"/>
        <line num="13" count="1" type="stmt"/>
      </file>
      <file name="jwt.js" path="C:\Users\LEGION\Documents\hacktiv8\Final Project\Backend\server\helpers\jwt.js">
        <metrics statements="6" coveredstatements="3" conditionals="0" coveredconditionals="0" methods="2" coveredmethods="0"/>
        <line num="1" count="1" type="stmt"/>
        <line num="2" count="1" type="stmt"/>
        <line num="5" count="0" type="stmt"/>
        <line num="6" count="0" type="stmt"/>
        <line num="10" count="0" type="stmt"/>
        <line num="13" count="1" type="stmt"/>
      </file>
    </package>
    <package name="server.middlewares">
      <metrics statements="22" coveredstatements="8" conditionals="10" coveredconditionals="1" methods="2" coveredmethods="2"/>
      <file name="errorhandler.js" path="C:\Users\LEGION\Documents\hacktiv8\Final Project\Backend\server\middlewares\errorhandler.js">
        <metrics statements="22" coveredstatements="8" conditionals="10" coveredconditionals="1" methods="2" coveredmethods="2"/>
        <line num="1" count="1" type="stmt"/>
        <line num="2" count="5" type="cond" truecount="1" falsecount="7"/>
        <line num="4" count="5" type="stmt"/>
        <line num="5" count="5" type="stmt"/>
        <line num="6" count="11" type="stmt"/>
        <line num="8" count="5" type="stmt"/>
        <line num="9" count="5" type="stmt"/>
        <line num="11" count="0" type="stmt"/>
        <line num="12" count="0" type="stmt"/>
        <line num="14" count="0" type="stmt"/>
        <line num="15" count="0" type="stmt"/>
        <line num="17" count="0" type="stmt"/>
        <line num="18" count="0" type="stmt"/>
        <line num="20" count="0" type="stmt"/>
        <line num="21" count="0" type="stmt"/>
        <line num="23" count="0" type="stmt"/>
        <line num="24" count="0" type="stmt"/>
        <line num="26" count="0" type="stmt"/>
        <line num="27" count="0" type="stmt"/>
        <line num="29" count="0" type="stmt"/>
        <line num="30" count="0" type="stmt"/>
        <line num="34" count="1" type="stmt"/>
      </file>
    </package>
    <package name="server.models">
      <metrics statements="34" coveredstatements="33" conditionals="13" coveredconditionals="10" methods="9" coveredmethods="9"/>
      <file name="flipcard.js" path="C:\Users\LEGION\Documents\hacktiv8\Final Project\Backend\server\models\flipcard.js">
        <metrics statements="5" coveredstatements="5" conditionals="0" coveredconditionals="0" methods="2" coveredmethods="2"/>
        <line num="4" count="1" type="stmt"/>
        <line num="5" count="1" type="stmt"/>
        <line num="14" count="1" type="stmt"/>
        <line num="19" count="1" type="stmt"/>
        <line num="30" count="1" type="stmt"/>
      </file>
      <file name="index.js" path="C:\Users\LEGION\Documents\hacktiv8\Final Project\Backend\server\models\index.js">
        <metrics statements="20" coveredstatements="19" conditionals="9" coveredconditionals="6" methods="3" coveredmethods="3"/>
        <line num="3" count="1" type="stmt"/>
        <line num="4" count="1" type="stmt"/>
        <line num="5" count="1" type="stmt"/>
        <line num="6" count="1" type="stmt"/>
        <line num="7" count="1" type="cond" truecount="1" falsecount="1"/>
        <line num="8" count="1" type="stmt"/>
        <line num="9" count="1" type="stmt"/>
        <line num="12" count="1" type="cond" truecount="1" falsecount="1"/>
        <line num="13" count="0" type="stmt"/>
        <line num="15" count="1" type="stmt"/>
        <line num="23" count="1" type="stmt"/>
        <line num="25" count="3" type="stmt"/>
        <line num="30" count="2" type="stmt"/>
        <line num="34" count="2" type="stmt"/>
        <line num="37" count="1" type="stmt"/>
        <line num="38" count="2" type="cond" truecount="1" falsecount="1"/>
        <line num="39" count="2" type="stmt"/>
        <line num="43" count="1" type="stmt"/>
        <line num="44" count="1" type="stmt"/>
        <line num="46" count="1" type="stmt"/>
      </file>
      <file name="user.js" path="C:\Users\LEGION\Documents\hacktiv8\Final Project\Backend\server\models\user.js">
        <metrics statements="9" coveredstatements="9" conditionals="4" coveredconditionals="4" methods="4" coveredmethods="4"/>
        <line num="2" count="1" type="stmt"/>
        <line num="3" count="1" type="stmt"/>
        <line num="4" count="1" type="stmt"/>
        <line num="13" count="1" type="stmt"/>
        <line num="19" count="1" type="stmt"/>
        <line num="42" count="6" type="cond" truecount="4" falsecount="0"/>
        <line num="43" count="2" type="stmt"/>
        <line num="64" count="1" type="stmt"/>
        <line num="69" count="1" type="stmt"/>
      </file>
    </package>
    <package name="server.routes">
      <metrics statements="8" coveredstatements="7" conditionals="0" coveredconditionals="0" methods="1" coveredmethods="0"/>
      <file name="index.js" path="C:\Users\LEGION\Documents\hacktiv8\Final Project\Backend\server\routes\index.js">
        <metrics statements="8" coveredstatements="7" conditionals="0" coveredconditionals="0" methods="1" coveredmethods="0"/>
        <line num="1" count="1" type="stmt"/>
        <line num="2" count="1" type="stmt"/>
        <line num="4" count="1" type="stmt"/>
        <line num="5" count="0" type="stmt"/>
        <line num="8" count="1" type="stmt"/>
        <line num="9" count="1" type="stmt"/>
        <line num="10" count="1" type="stmt"/>
        <line num="12" count="1" type="stmt"/>
      </file>
    </package>
  </project>
</coverage>
