{"C:\\Users\\LEGION\\Documents\\hacktiv8\\Final Project\\Backend\\server\\app.js": {"path":"C:\\Users\\LEGION\\Documents\\hacktiv8\\Final Project\\Backend\\server\\app.js","statementMap":{"0":{"start":{"line":1,"column":16},"end":{"line":1,"column":34}},"1":{"start":{"line":2,"column":12},"end":{"line":2,"column":21}},"2":{"start":{"line":3,"column":14},"end":{"line":3,"column":39}},"3":{"start":{"line":4,"column":13},"end":{"line":4,"column":28}},"4":{"start":{"line":5,"column":21},"end":{"line":5,"column":58}},"5":{"start":{"line":7,"column":0},"end":{"line":7,"column":48}},"6":{"start":{"line":8,"column":0},"end":{"line":8,"column":24}},"7":{"start":{"line":9,"column":0},"end":{"line":9,"column":15}},"8":{"start":{"line":10,"column":0},"end":{"line":10,"column":16}},"9":{"start":{"line":11,"column":0},"end":{"line":11,"column":22}},"10":{"start":{"line":13,"column":0},"end":{"line":13,"column":21}}},"fnMap":{},"branchMap":{},"s":{"0":1,"1":1,"2":1,"3":1,"4":1,"5":1,"6":1,"7":1,"8":1,"9":1,"10":1},"f":{},"b":{},"_coverageSchema":"1a1c01bbd47fc00a2c39e90264f33305004495a9","hash":"ab29709bd9dfce2da280381e11c5f4e246ac61e1"}
,"C:\\Users\\LEGION\\Documents\\hacktiv8\\Final Project\\Backend\\server\\__test__\\helper\\cleanDb.js": {"path":"C:\\Users\\LEGION\\Documents\\hacktiv8\\Final Project\\Backend\\server\\__test__\\helper\\cleanDb.js","statementMap":{"0":{"start":{"line":1,"column":26},"end":{"line":1,"column":55}},"1":{"start":{"line":4,"column":2},"end":{"line":6,"column":3}},"2":{"start":{"line":5,"column":4},"end":{"line":5,"column":39}},"3":{"start":{"line":9,"column":0},"end":{"line":9,"column":31}}},"fnMap":{"0":{"name":"cleanUser","decl":{"start":{"line":3,"column":9},"end":{"line":3,"column":18}},"loc":{"start":{"line":3,"column":21},"end":{"line":7,"column":1}},"line":3}},"branchMap":{"0":{"loc":{"start":{"line":4,"column":2},"end":{"line":6,"column":3}},"type":"if","locations":[{"start":{"line":4,"column":2},"end":{"line":6,"column":3}},{"start":{"line":4,"column":2},"end":{"line":6,"column":3}}],"line":4}},"s":{"0":1,"1":1,"2":1,"3":1},"f":{"0":1},"b":{"0":[1,0]},"_coverageSchema":"1a1c01bbd47fc00a2c39e90264f33305004495a9","hash":"0560cc01b2b77bfa5645b1e94de0d46725e5da06"}
,"C:\\Users\\LEGION\\Documents\\hacktiv8\\Final Project\\Backend\\server\\config\\config.js": {"path":"C:\\Users\\LEGION\\Documents\\hacktiv8\\Final Project\\Backend\\server\\config\\config.js","statementMap":{"0":{"start":{"line":1,"column":12},"end":{"line":1,"column":49}},"1":{"start":{"line":2,"column":22},"end":{"line":2,"column":39}},"2":{"start":{"line":4,"column":0},"end":{"line":6,"column":1}},"3":{"start":{"line":5,"column":2},"end":{"line":5,"column":29}},"4":{"start":{"line":7,"column":17},"end":{"line":7,"column":60}},"5":{"start":{"line":8,"column":17},"end":{"line":8,"column":60}},"6":{"start":{"line":9,"column":17},"end":{"line":9,"column":56}},"7":{"start":{"line":10,"column":13},"end":{"line":10,"column":52}},"8":{"start":{"line":11,"column":16},"end":{"line":11,"column":58}},"9":{"start":{"line":13,"column":0},"end":{"line":35,"column":2}}},"fnMap":{},"branchMap":{"0":{"loc":{"start":{"line":1,"column":12},"end":{"line":1,"column":49}},"type":"binary-expr","locations":[{"start":{"line":1,"column":12},"end":{"line":1,"column":32}},{"start":{"line":1,"column":36},"end":{"line":1,"column":49}}],"line":1},"1":{"loc":{"start":{"line":4,"column":0},"end":{"line":6,"column":1}},"type":"if","locations":[{"start":{"line":4,"column":0},"end":{"line":6,"column":1}},{"start":{"line":4,"column":0},"end":{"line":6,"column":1}}],"line":4},"2":{"loc":{"start":{"line":4,"column":4},"end":{"line":4,"column":41}},"type":"binary-expr","locations":[{"start":{"line":4,"column":4},"end":{"line":4,"column":24}},{"start":{"line":4,"column":28},"end":{"line":4,"column":41}}],"line":4}},"s":{"0":1,"1":1,"2":1,"3":1,"4":1,"5":1,"6":1,"7":1,"8":1,"9":1},"f":{},"b":{"0":[1,0],"1":[1,0],"2":[1,1]},"_coverageSchema":"1a1c01bbd47fc00a2c39e90264f33305004495a9","hash":"ed03dd47f59408f0e33097bc57b043d696d240a0"}
,"C:\\Users\\LEGION\\Documents\\hacktiv8\\Final Project\\Backend\\server\\controllers\\authController.js": {"path":"C:\\Users\\LEGION\\Documents\\hacktiv8\\Final Project\\Backend\\server\\controllers\\authController.js","statementMap":{"0":{"start":{"line":1,"column":17},"end":{"line":1,"column":37}},"1":{"start":{"line":2,"column":26},"end":{"line":2,"column":54}},"2":{"start":{"line":3,"column":26},"end":{"line":3,"column":51}},"3":{"start":{"line":7,"column":15},"end":{"line":7,"column":29}},"4":{"start":{"line":8,"column":4},"end":{"line":18,"column":9}},"5":{"start":{"line":10,"column":8},"end":{"line":14,"column":9}},"6":{"start":{"line":11,"column":10},"end":{"line":11,"column":42}},"7":{"start":{"line":13,"column":10},"end":{"line":13,"column":37}},"8":{"start":{"line":17,"column":8},"end":{"line":17,"column":18}},"9":{"start":{"line":22,"column":32},"end":{"line":22,"column":40}},"10":{"start":{"line":23,"column":4},"end":{"line":46,"column":9}},"11":{"start":{"line":27,"column":8},"end":{"line":29,"column":9}},"12":{"start":{"line":28,"column":10},"end":{"line":28,"column":49}},"13":{"start":{"line":30,"column":22},"end":{"line":30,"column":60}},"14":{"start":{"line":31,"column":8},"end":{"line":42,"column":9}},"15":{"start":{"line":32,"column":26},"end":{"line":37,"column":11}},"16":{"start":{"line":38,"column":31},"end":{"line":38,"column":53}},"17":{"start":{"line":39,"column":10},"end":{"line":39,"column":49}},"18":{"start":{"line":41,"column":10},"end":{"line":41,"column":49}},"19":{"start":{"line":45,"column":8},"end":{"line":45,"column":18}},"20":{"start":{"line":50,"column":15},"end":{"line":50,"column":23}},"21":{"start":{"line":52,"column":20},"end":{"line":57,"column":5}},"22":{"start":{"line":58,"column":4},"end":{"line":69,"column":9}},"23":{"start":{"line":60,"column":8},"end":{"line":65,"column":11}},"24":{"start":{"line":68,"column":8},"end":{"line":68,"column":18}},"25":{"start":{"line":73,"column":0},"end":{"line":73,"column":32}}},"fnMap":{"0":{"name":"(anonymous_0)","decl":{"start":{"line":6,"column":2},"end":{"line":6,"column":3}},"loc":{"start":{"line":6,"column":33},"end":{"line":19,"column":3}},"line":6},"1":{"name":"(anonymous_1)","decl":{"start":{"line":9,"column":12},"end":{"line":9,"column":13}},"loc":{"start":{"line":9,"column":22},"end":{"line":15,"column":7}},"line":9},"2":{"name":"(anonymous_2)","decl":{"start":{"line":16,"column":13},"end":{"line":16,"column":14}},"loc":{"start":{"line":16,"column":22},"end":{"line":18,"column":7}},"line":16},"3":{"name":"(anonymous_3)","decl":{"start":{"line":21,"column":2},"end":{"line":21,"column":3}},"loc":{"start":{"line":21,"column":31},"end":{"line":47,"column":3}},"line":21},"4":{"name":"(anonymous_4)","decl":{"start":{"line":26,"column":12},"end":{"line":26,"column":13}},"loc":{"start":{"line":26,"column":22},"end":{"line":43,"column":7}},"line":26},"5":{"name":"(anonymous_5)","decl":{"start":{"line":44,"column":13},"end":{"line":44,"column":14}},"loc":{"start":{"line":44,"column":22},"end":{"line":46,"column":7}},"line":44},"6":{"name":"(anonymous_6)","decl":{"start":{"line":49,"column":2},"end":{"line":49,"column":3}},"loc":{"start":{"line":49,"column":34},"end":{"line":70,"column":3}},"line":49},"7":{"name":"(anonymous_7)","decl":{"start":{"line":59,"column":12},"end":{"line":59,"column":13}},"loc":{"start":{"line":59,"column":22},"end":{"line":66,"column":7}},"line":59},"8":{"name":"(anonymous_8)","decl":{"start":{"line":67,"column":13},"end":{"line":67,"column":14}},"loc":{"start":{"line":67,"column":22},"end":{"line":69,"column":7}},"line":67}},"branchMap":{"0":{"loc":{"start":{"line":10,"column":8},"end":{"line":14,"column":9}},"type":"if","locations":[{"start":{"line":10,"column":8},"end":{"line":14,"column":9}},{"start":{"line":10,"column":8},"end":{"line":14,"column":9}}],"line":10},"1":{"loc":{"start":{"line":27,"column":8},"end":{"line":29,"column":9}},"type":"if","locations":[{"start":{"line":27,"column":8},"end":{"line":29,"column":9}},{"start":{"line":27,"column":8},"end":{"line":29,"column":9}}],"line":27},"2":{"loc":{"start":{"line":31,"column":8},"end":{"line":42,"column":9}},"type":"if","locations":[{"start":{"line":31,"column":8},"end":{"line":42,"column":9}},{"start":{"line":31,"column":8},"end":{"line":42,"column":9}}],"line":31}},"s":{"0":1,"1":1,"2":1,"3":0,"4":0,"5":0,"6":0,"7":0,"8":0,"9":0,"10":0,"11":0,"12":0,"13":0,"14":0,"15":0,"16":0,"17":0,"18":0,"19":0,"20":6,"21":6,"22":6,"23":1,"24":5,"25":1},"f":{"0":0,"1":0,"2":0,"3":0,"4":0,"5":0,"6":6,"7":1,"8":5},"b":{"0":[0,0],"1":[0,0],"2":[0,0]},"_coverageSchema":"1a1c01bbd47fc00a2c39e90264f33305004495a9","hash":"d853f677e2e555d5f8540533c4bbecdb561595b3"}
,"C:\\Users\\LEGION\\Documents\\hacktiv8\\Final Project\\Backend\\server\\helpers\\bcrypt.js": {"path":"C:\\Users\\LEGION\\Documents\\hacktiv8\\Final Project\\Backend\\server\\helpers\\bcrypt.js","statementMap":{"0":{"start":{"line":1,"column":15},"end":{"line":1,"column":34}},"1":{"start":{"line":4,"column":15},"end":{"line":4,"column":37}},"2":{"start":{"line":5,"column":15},"end":{"line":5,"column":46}},"3":{"start":{"line":6,"column":2},"end":{"line":6,"column":13}},"4":{"start":{"line":10,"column":2},"end":{"line":10,"column":49}},"5":{"start":{"line":13,"column":0},"end":{"line":16,"column":1}}},"fnMap":{"0":{"name":"hashPassword","decl":{"start":{"line":3,"column":9},"end":{"line":3,"column":21}},"loc":{"start":{"line":3,"column":32},"end":{"line":7,"column":1}},"line":3},"1":{"name":"checkPassword","decl":{"start":{"line":9,"column":9},"end":{"line":9,"column":22}},"loc":{"start":{"line":9,"column":45},"end":{"line":11,"column":1}},"line":9}},"branchMap":{},"s":{"0":1,"1":1,"2":1,"3":1,"4":0,"5":1},"f":{"0":1,"1":0},"b":{},"_coverageSchema":"1a1c01bbd47fc00a2c39e90264f33305004495a9","hash":"942e831143b805624d573a1f236dcf5c24781994"}
,"C:\\Users\\LEGION\\Documents\\hacktiv8\\Final Project\\Backend\\server\\helpers\\jwt.js": {"path":"C:\\Users\\LEGION\\Documents\\hacktiv8\\Final Project\\Backend\\server\\helpers\\jwt.js","statementMap":{"0":{"start":{"line":1,"column":12},"end":{"line":1,"column":35}},"1":{"start":{"line":2,"column":19},"end":{"line":2,"column":43}},"2":{"start":{"line":5,"column":16},"end":{"line":5,"column":45}},"3":{"start":{"line":6,"column":2},"end":{"line":6,"column":14}},"4":{"start":{"line":10,"column":2},"end":{"line":10,"column":38}},"5":{"start":{"line":13,"column":0},"end":{"line":16,"column":1}}},"fnMap":{"0":{"name":"generateToken","decl":{"start":{"line":4,"column":9},"end":{"line":4,"column":22}},"loc":{"start":{"line":4,"column":32},"end":{"line":7,"column":1}},"line":4},"1":{"name":"checkToken","decl":{"start":{"line":9,"column":9},"end":{"line":9,"column":19}},"loc":{"start":{"line":9,"column":27},"end":{"line":11,"column":1}},"line":9}},"branchMap":{},"s":{"0":1,"1":1,"2":0,"3":0,"4":0,"5":1},"f":{"0":0,"1":0},"b":{},"_coverageSchema":"1a1c01bbd47fc00a2c39e90264f33305004495a9","hash":"96e89fb98041b53a76b028037ed57a50836a0760"}
,"C:\\Users\\LEGION\\Documents\\hacktiv8\\Final Project\\Backend\\server\\middlewares\\errorhandler.js": {"path":"C:\\Users\\LEGION\\Documents\\hacktiv8\\Final Project\\Backend\\server\\middlewares\\errorhandler.js","statementMap":{"0":{"start":{"line":1,"column":21},"end":{"line":32,"column":1}},"1":{"start":{"line":2,"column":4},"end":{"line":31,"column":5}},"2":{"start":{"line":4,"column":24},"end":{"line":4,"column":26}},"3":{"start":{"line":5,"column":12},"end":{"line":7,"column":14}},"4":{"start":{"line":6,"column":16},"end":{"line":6,"column":46}},"5":{"start":{"line":8,"column":12},"end":{"line":8,"column":51}},"6":{"start":{"line":9,"column":12},"end":{"line":9,"column":18}},"7":{"start":{"line":11,"column":12},"end":{"line":11,"column":60}},"8":{"start":{"line":12,"column":12},"end":{"line":12,"column":18}},"9":{"start":{"line":14,"column":12},"end":{"line":14,"column":76}},"10":{"start":{"line":15,"column":12},"end":{"line":15,"column":18}},"11":{"start":{"line":17,"column":12},"end":{"line":17,"column":70}},"12":{"start":{"line":18,"column":12},"end":{"line":18,"column":18}},"13":{"start":{"line":20,"column":12},"end":{"line":20,"column":58}},"14":{"start":{"line":21,"column":12},"end":{"line":21,"column":18}},"15":{"start":{"line":23,"column":12},"end":{"line":23,"column":76}},"16":{"start":{"line":24,"column":12},"end":{"line":24,"column":18}},"17":{"start":{"line":26,"column":12},"end":{"line":26,"column":63}},"18":{"start":{"line":27,"column":12},"end":{"line":27,"column":18}},"19":{"start":{"line":29,"column":12},"end":{"line":29,"column":58}},"20":{"start":{"line":30,"column":12},"end":{"line":30,"column":18}},"21":{"start":{"line":34,"column":0},"end":{"line":34,"column":29}}},"fnMap":{"0":{"name":"(anonymous_0)","decl":{"start":{"line":1,"column":21},"end":{"line":1,"column":22}},"loc":{"start":{"line":1,"column":46},"end":{"line":32,"column":1}},"line":1},"1":{"name":"(anonymous_1)","decl":{"start":{"line":5,"column":27},"end":{"line":5,"column":28}},"loc":{"start":{"line":5,"column":34},"end":{"line":7,"column":13}},"line":5}},"branchMap":{"0":{"loc":{"start":{"line":2,"column":4},"end":{"line":31,"column":5}},"type":"switch","locations":[{"start":{"line":3,"column":8},"end":{"line":9,"column":18}},{"start":{"line":10,"column":8},"end":{"line":12,"column":18}},{"start":{"line":13,"column":8},"end":{"line":15,"column":18}},{"start":{"line":16,"column":8},"end":{"line":18,"column":18}},{"start":{"line":19,"column":8},"end":{"line":21,"column":18}},{"start":{"line":22,"column":8},"end":{"line":24,"column":18}},{"start":{"line":25,"column":8},"end":{"line":27,"column":18}},{"start":{"line":28,"column":8},"end":{"line":30,"column":18}}],"line":2},"1":{"loc":{"start":{"line":16,"column":13},"end":{"line":16,"column":50}},"type":"binary-expr","locations":[{"start":{"line":16,"column":13},"end":{"line":16,"column":26}},{"start":{"line":16,"column":30},"end":{"line":16,"column":50}}],"line":16}},"s":{"0":1,"1":5,"2":5,"3":5,"4":11,"5":5,"6":5,"7":0,"8":0,"9":0,"10":0,"11":0,"12":0,"13":0,"14":0,"15":0,"16":0,"17":0,"18":0,"19":0,"20":0,"21":1},"f":{"0":5,"1":11},"b":{"0":[5,0,0,0,0,0,0,0],"1":[0,0]},"_coverageSchema":"1a1c01bbd47fc00a2c39e90264f33305004495a9","hash":"3f03592fde4db6d016ebdeceb19a3f5b3c41766f"}
,"C:\\Users\\LEGION\\Documents\\hacktiv8\\Final Project\\Backend\\server\\models\\flipcard.js": {"path":"C:\\Users\\LEGION\\Documents\\hacktiv8\\Final Project\\Backend\\server\\models\\flipcard.js","statementMap":{"0":{"start":{"line":4,"column":4},"end":{"line":4,"column":24}},"1":{"start":{"line":5,"column":0},"end":{"line":31,"column":2}},"2":{"start":{"line":14,"column":6},"end":{"line":16,"column":8}},"3":{"start":{"line":19,"column":2},"end":{"line":29,"column":5}},"4":{"start":{"line":30,"column":2},"end":{"line":30,"column":18}}},"fnMap":{"0":{"name":"(anonymous_0)","decl":{"start":{"line":5,"column":17},"end":{"line":5,"column":18}},"loc":{"start":{"line":5,"column":43},"end":{"line":31,"column":1}},"line":5},"1":{"name":"(anonymous_1)","decl":{"start":{"line":12,"column":4},"end":{"line":12,"column":5}},"loc":{"start":{"line":12,"column":29},"end":{"line":17,"column":5}},"line":12}},"branchMap":{},"s":{"0":1,"1":1,"2":1,"3":1,"4":1},"f":{"0":1,"1":1},"b":{},"_coverageSchema":"1a1c01bbd47fc00a2c39e90264f33305004495a9","hash":"7e2c41f8fb874c2d2ae796b1faf5558e067831aa"}
,"C:\\Users\\LEGION\\Documents\\hacktiv8\\Final Project\\Backend\\server\\models\\index.js": {"path":"C:\\Users\\LEGION\\Documents\\hacktiv8\\Final Project\\Backend\\server\\models\\index.js","statementMap":{"0":{"start":{"line":3,"column":11},"end":{"line":3,"column":24}},"1":{"start":{"line":4,"column":13},"end":{"line":4,"column":28}},"2":{"start":{"line":5,"column":18},"end":{"line":5,"column":38}},"3":{"start":{"line":6,"column":17},"end":{"line":6,"column":42}},"4":{"start":{"line":7,"column":12},"end":{"line":7,"column":49}},"5":{"start":{"line":8,"column":15},"end":{"line":8,"column":63}},"6":{"start":{"line":9,"column":11},"end":{"line":9,"column":13}},"7":{"start":{"line":12,"column":0},"end":{"line":21,"column":1}},"8":{"start":{"line":13,"column":2},"end":{"line":13,"column":74}},"9":{"start":{"line":15,"column":2},"end":{"line":20,"column":4}},"10":{"start":{"line":23,"column":0},"end":{"line":35,"column":5}},"11":{"start":{"line":25,"column":4},"end":{"line":27,"column":6}},"12":{"start":{"line":30,"column":18},"end":{"line":33,"column":5}},"13":{"start":{"line":34,"column":4},"end":{"line":34,"column":27}},"14":{"start":{"line":37,"column":0},"end":{"line":41,"column":3}},"15":{"start":{"line":38,"column":2},"end":{"line":40,"column":3}},"16":{"start":{"line":39,"column":4},"end":{"line":39,"column":32}},"17":{"start":{"line":43,"column":0},"end":{"line":43,"column":25}},"18":{"start":{"line":44,"column":0},"end":{"line":44,"column":25}},"19":{"start":{"line":46,"column":0},"end":{"line":46,"column":20}}},"fnMap":{"0":{"name":"(anonymous_0)","decl":{"start":{"line":24,"column":10},"end":{"line":24,"column":11}},"loc":{"start":{"line":24,"column":20},"end":{"line":28,"column":3}},"line":24},"1":{"name":"(anonymous_1)","decl":{"start":{"line":29,"column":11},"end":{"line":29,"column":12}},"loc":{"start":{"line":29,"column":21},"end":{"line":35,"column":3}},"line":29},"2":{"name":"(anonymous_2)","decl":{"start":{"line":37,"column":24},"end":{"line":37,"column":25}},"loc":{"start":{"line":37,"column":39},"end":{"line":41,"column":1}},"line":37}},"branchMap":{"0":{"loc":{"start":{"line":7,"column":12},"end":{"line":7,"column":49}},"type":"binary-expr","locations":[{"start":{"line":7,"column":12},"end":{"line":7,"column":32}},{"start":{"line":7,"column":36},"end":{"line":7,"column":49}}],"line":7},"1":{"loc":{"start":{"line":12,"column":0},"end":{"line":21,"column":1}},"type":"if","locations":[{"start":{"line":12,"column":0},"end":{"line":21,"column":1}},{"start":{"line":12,"column":0},"end":{"line":21,"column":1}}],"line":12},"2":{"loc":{"start":{"line":26,"column":6},"end":{"line":26,"column":78}},"type":"binary-expr","locations":[{"start":{"line":26,"column":6},"end":{"line":26,"column":29}},{"start":{"line":26,"column":33},"end":{"line":26,"column":50}},{"start":{"line":26,"column":54},"end":{"line":26,"column":78}}],"line":26},"3":{"loc":{"start":{"line":38,"column":2},"end":{"line":40,"column":3}},"type":"if","locations":[{"start":{"line":38,"column":2},"end":{"line":40,"column":3}},{"start":{"line":38,"column":2},"end":{"line":40,"column":3}}],"line":38}},"s":{"0":1,"1":1,"2":1,"3":1,"4":1,"5":1,"6":1,"7":1,"8":0,"9":1,"10":1,"11":3,"12":2,"13":2,"14":1,"15":2,"16":2,"17":1,"18":1,"19":1},"f":{"0":3,"1":2,"2":2},"b":{"0":[1,0],"1":[0,1],"2":[3,3,2],"3":[2,0]},"_coverageSchema":"1a1c01bbd47fc00a2c39e90264f33305004495a9","hash":"8b9d7b7cbcbb0ea8edfb41d95f67cdbc6957f8e0"}
,"C:\\Users\\LEGION\\Documents\\hacktiv8\\Final Project\\Backend\\server\\models\\user.js": {"path":"C:\\Users\\LEGION\\Documents\\hacktiv8\\Final Project\\Backend\\server\\models\\user.js","statementMap":{"0":{"start":{"line":2,"column":18},"end":{"line":2,"column":38}},"1":{"start":{"line":3,"column":25},"end":{"line":3,"column":53}},"2":{"start":{"line":4,"column":0},"end":{"line":70,"column":2}},"3":{"start":{"line":13,"column":6},"end":{"line":16,"column":9}},"4":{"start":{"line":19,"column":2},"end":{"line":68,"column":4}},"5":{"start":{"line":42,"column":12},"end":{"line":44,"column":13}},"6":{"start":{"line":43,"column":14},"end":{"line":43,"column":65}},"7":{"start":{"line":64,"column":10},"end":{"line":64,"column":54}},"8":{"start":{"line":69,"column":2},"end":{"line":69,"column":14}}},"fnMap":{"0":{"name":"(anonymous_0)","decl":{"start":{"line":4,"column":17},"end":{"line":4,"column":18}},"loc":{"start":{"line":4,"column":43},"end":{"line":70,"column":1}},"line":4},"1":{"name":"(anonymous_1)","decl":{"start":{"line":11,"column":4},"end":{"line":11,"column":5}},"loc":{"start":{"line":11,"column":29},"end":{"line":17,"column":5}},"line":11},"2":{"name":"(anonymous_2)","decl":{"start":{"line":41,"column":10},"end":{"line":41,"column":11}},"loc":{"start":{"line":41,"column":23},"end":{"line":45,"column":11}},"line":41},"3":{"name":"(anonymous_3)","decl":{"start":{"line":63,"column":8},"end":{"line":63,"column":9}},"loc":{"start":{"line":63,"column":36},"end":{"line":65,"column":9}},"line":63}},"branchMap":{"0":{"loc":{"start":{"line":42,"column":12},"end":{"line":44,"column":13}},"type":"if","locations":[{"start":{"line":42,"column":12},"end":{"line":44,"column":13}},{"start":{"line":42,"column":12},"end":{"line":44,"column":13}}],"line":42},"1":{"loc":{"start":{"line":42,"column":16},"end":{"line":42,"column":36}},"type":"binary-expr","locations":[{"start":{"line":42,"column":16},"end":{"line":42,"column":22}},{"start":{"line":42,"column":26},"end":{"line":42,"column":36}}],"line":42}},"s":{"0":1,"1":1,"2":1,"3":1,"4":1,"5":6,"6":2,"7":1,"8":1},"f":{"0":1,"1":1,"2":6,"3":1},"b":{"0":[2,4],"1":[6,4]},"_coverageSchema":"1a1c01bbd47fc00a2c39e90264f33305004495a9","hash":"edc501ec6cf20c76dda79e404b1726019e44d62f"}
,"C:\\Users\\LEGION\\Documents\\hacktiv8\\Final Project\\Backend\\server\\routes\\index.js": {"path":"C:\\Users\\LEGION\\Documents\\hacktiv8\\Final Project\\Backend\\server\\routes\\index.js","statementMap":{"0":{"start":{"line":1,"column":14},"end":{"line":1,"column":41}},"1":{"start":{"line":2,"column":26},"end":{"line":2,"column":66}},"2":{"start":{"line":4,"column":0},"end":{"line":6,"column":3}},"3":{"start":{"line":5,"column":2},"end":{"line":5,"column":22}},"4":{"start":{"line":8,"column":0},"end":{"line":8,"column":45}},"5":{"start":{"line":9,"column":0},"end":{"line":9,"column":51}},"6":{"start":{"line":10,"column":0},"end":{"line":10,"column":49}},"7":{"start":{"line":12,"column":0},"end":{"line":12,"column":23}}},"fnMap":{"0":{"name":"(anonymous_0)","decl":{"start":{"line":4,"column":15},"end":{"line":4,"column":16}},"loc":{"start":{"line":4,"column":29},"end":{"line":6,"column":1}},"line":4}},"branchMap":{},"s":{"0":1,"1":1,"2":1,"3":0,"4":1,"5":1,"6":1,"7":1},"f":{"0":0},"b":{},"_coverageSchema":"1a1c01bbd47fc00a2c39e90264f33305004495a9","hash":"853637fa60549cbb2972e30201ea1cbb60c9fdc6"}
}
