TN:
SF:app.js
FNF:0
FNH:0
DA:1,6
DA:2,6
DA:3,6
DA:4,6
DA:5,6
DA:7,6
DA:8,6
DA:9,6
DA:10,6
DA:11,6
DA:13,6
LF:11
LH:11
BRF:0
BRH:0
end_of_record
TN:
SF:__test__/helper/cleanDb.js
FN:3,cleanUser
FNF:1
FNH:1
FNDA:6,cleanUser
DA:1,6
DA:4,6
DA:5,6
DA:9,6
LF:4
LH:4
BRDA:4,0,0,6
BRDA:4,0,1,0
BRF:2
BRH:1
end_of_record
TN:
SF:__test__/helper/seeder.js
FN:3,seederUser
FNF:1
FNH:1
FNDA:5,seederUser
DA:1,5
DA:4,5
DA:11,5
DA:12,5
DA:16,5
LF:5
LH:5
BRDA:11,0,0,5
BRDA:11,0,1,0
BRF:2
BRH:1
end_of_record
TN:
SF:config/config.js
FNF:0
FNH:0
DA:1,6
DA:2,6
DA:4,6
DA:5,6
DA:7,6
DA:8,6
DA:9,6
DA:10,6
DA:11,6
DA:13,6
LF:10
LH:10
BRDA:1,0,0,6
BRDA:1,0,1,0
BRDA:4,1,0,6
BRDA:4,1,1,0
BRDA:4,2,0,6
BRDA:4,2,1,6
BRF:6
BRH:4
end_of_record
TN:
SF:controllers/authController.js
FN:7,(anonymous_0)
FN:10,(anonymous_1)
FN:17,(anonymous_2)
FN:22,(anonymous_3)
FN:27,(anonymous_4)
FN:45,(anonymous_5)
FN:50,(anonymous_6)
FN:59,(anonymous_7)
FN:68,(anonymous_8)
FNF:9
FNH:9
FNDA:2,(anonymous_0)
FNDA:2,(anonymous_1)
FNDA:1,(anonymous_2)
FNDA:5,(anonymous_3)
FNDA:5,(anonymous_4)
FNDA:4,(anonymous_5)
FNDA:7,(anonymous_6)
FNDA:1,(anonymous_7)
FNDA:6,(anonymous_8)
DA:1,6
DA:2,6
DA:3,6
DA:4,6
DA:8,2
DA:9,2
DA:11,2
DA:12,1
DA:14,1
DA:18,1
DA:23,5
DA:24,5
DA:28,5
DA:29,2
DA:31,3
DA:32,3
DA:33,1
DA:39,1
DA:40,1
DA:42,2
DA:46,4
DA:51,7
DA:52,7
DA:58,7
DA:60,1
DA:61,1
DA:69,6
DA:74,6
LF:28
LH:28
BRDA:11,0,0,1
BRDA:11,0,1,1
BRDA:28,1,0,2
BRDA:28,1,1,3
BRDA:32,2,0,1
BRDA:32,2,1,2
BRF:6
BRH:6
end_of_record
TN:
SF:controllers/cardController.js
FN:4,(anonymous_0)
FN:6,(anonymous_1)
FN:9,(anonymous_2)
FN:14,(anonymous_3)
FN:20,(anonymous_4)
FN:23,(anonymous_5)
FN:28,(anonymous_6)
FN:36,(anonymous_7)
FN:39,(anonymous_8)
FN:44,(anonymous_9)
FN:52,(anonymous_10)
FN:55,(anonymous_11)
FN:60,(anonymous_12)
FN:70,(anonymous_13)
FN:71,(anonymous_14)
FN:77,(anonymous_15)
FN:93,(anonymous_16)
FN:104,(anonymous_17)
FN:131,(anonymous_18)
FN:141,(anonymous_19)
FN:151,(anonymous_20)
FNF:21
FNH:16
FNDA:1,(anonymous_0)
FNDA:1,(anonymous_1)
FNDA:0,(anonymous_2)
FNDA:1,(anonymous_3)
FNDA:1,(anonymous_4)
FNDA:0,(anonymous_5)
FNDA:1,(anonymous_6)
FNDA:1,(anonymous_7)
FNDA:0,(anonymous_8)
FNDA:1,(anonymous_9)
FNDA:1,(anonymous_10)
FNDA:0,(anonymous_11)
FNDA:2,(anonymous_12)
FNDA:1,(anonymous_13)
FNDA:1,(anonymous_14)
FNDA:2,(anonymous_15)
FNDA:1,(anonymous_16)
FNDA:1,(anonymous_17)
FNDA:1,(anonymous_18)
FNDA:1,(anonymous_19)
FNDA:0,(anonymous_20)
DA:1,6
DA:2,6
DA:5,1
DA:7,1
DA:10,0
DA:15,1
DA:21,1
DA:24,0
DA:29,1
DA:37,1
DA:40,0
DA:45,1
DA:53,1
DA:56,0
DA:61,2
DA:69,2
DA:70,1
DA:72,1
DA:73,1
DA:78,2
DA:79,2
DA:87,2
DA:95,1
DA:96,1
DA:105,1
DA:132,1
DA:133,1
DA:136,1
DA:142,1
DA:143,1
DA:152,0
DA:157,6
LF:32
LH:27
BRDA:95,0,0,1
BRDA:95,0,1,0
BRDA:142,1,0,1
BRDA:142,1,1,0
BRF:4
BRH:2
end_of_record
TN:
SF:helpers/bcrypt.js
FN:3,hashPassword
FN:9,checkPassword
FNF:2
FNH:2
FNDA:8,hashPassword
FNDA:3,checkPassword
DA:1,6
DA:4,8
DA:5,8
DA:6,8
DA:10,3
DA:13,6
LF:6
LH:6
BRF:0
BRH:0
end_of_record
TN:
SF:helpers/jwt.js
FN:4,generateToken
FN:9,checkToken
FNF:2
FNH:2
FNDA:5,generateToken
FNDA:25,checkToken
DA:1,6
DA:2,6
DA:5,5
DA:6,5
DA:10,25
DA:13,6
LF:6
LH:6
BRF:0
BRH:0
end_of_record
TN:
SF:helpers/nodeMailer.js
FN:16,sendEmail
FNF:1
FNH:1
FNDA:1,sendEmail
DA:1,6
DA:2,6
DA:3,6
DA:5,6
DA:17,1
DA:24,1
DA:27,6
LF:7
LH:7
BRF:0
BRH:0
end_of_record
TN:
SF:middlewares/auth.js
FN:4,authenticate
FN:13,(anonymous_1)
FN:25,(anonymous_2)
FN:35,authorize
FN:42,(anonymous_4)
FN:58,(anonymous_5)
FNF:6
FNH:4
FNDA:25,authenticate
FNDA:11,(anonymous_1)
FNDA:0,(anonymous_2)
FNDA:5,authorize
FNDA:5,(anonymous_4)
FNDA:0,(anonymous_5)
DA:1,6
DA:2,6
DA:5,25
DA:6,25
DA:7,25
DA:8,11
DA:14,11
DA:15,11
DA:16,0
DA:18,11
DA:19,11
DA:22,11
DA:26,0
DA:27,0
DA:30,14
DA:31,14
DA:36,5
DA:37,5
DA:43,5
DA:44,2
DA:48,3
DA:49,3
DA:51,0
DA:52,0
DA:59,0
DA:63,6
LF:26
LH:20
BRDA:15,0,0,0
BRDA:15,0,1,11
BRDA:43,1,0,2
BRDA:43,1,1,3
BRDA:48,2,0,3
BRDA:48,2,1,0
BRF:6
BRH:4
end_of_record
TN:
SF:middlewares/errorhandler.js
FN:1,(anonymous_0)
FN:5,(anonymous_1)
FNF:2
FNH:2
FNDA:29,(anonymous_0)
FNDA:21,(anonymous_1)
DA:1,6
DA:2,29
DA:4,7
DA:5,7
DA:6,21
DA:8,7
DA:9,7
DA:11,3
DA:12,3
DA:14,1
DA:15,1
DA:23,4
DA:24,4
DA:26,14
DA:27,14
DA:34,6
LF:16
LH:16
BRDA:2,0,0,7
BRDA:2,0,1,3
BRDA:2,0,2,1
BRDA:2,0,3,4
BRDA:2,0,4,14
BRF:5
BRH:5
end_of_record
TN:
SF:models/flipcard.js
FN:5,(anonymous_0)
FN:12,(anonymous_1)
FNF:2
FNH:2
FNDA:6,(anonymous_0)
FNDA:6,(anonymous_1)
DA:4,6
DA:5,6
DA:14,6
DA:19,6
DA:108,6
LF:5
LH:5
BRF:0
BRH:0
end_of_record
TN:
SF:models/index.js
FN:24,(anonymous_0)
FN:29,(anonymous_1)
FN:37,(anonymous_2)
FNF:3
FNH:3
FNDA:18,(anonymous_0)
FNDA:12,(anonymous_1)
FNDA:12,(anonymous_2)
DA:3,6
DA:4,6
DA:5,6
DA:6,6
DA:7,6
DA:8,6
DA:9,6
DA:12,6
DA:13,0
DA:15,6
DA:23,6
DA:25,18
DA:30,12
DA:34,12
DA:37,6
DA:38,12
DA:39,12
DA:43,6
DA:44,6
DA:46,6
LF:20
LH:19
BRDA:7,0,0,6
BRDA:7,0,1,0
BRDA:12,1,0,0
BRDA:12,1,1,6
BRDA:26,2,0,18
BRDA:26,2,1,18
BRDA:26,2,2,12
BRDA:38,3,0,12
BRDA:38,3,1,0
BRF:9
BRH:6
end_of_record
TN:
SF:models/user.js
FN:4,(anonymous_0)
FN:11,(anonymous_1)
FN:41,(anonymous_2)
FN:63,(anonymous_3)
FNF:4
FNH:4
FNDA:6,(anonymous_0)
FNDA:6,(anonymous_1)
FNDA:13,(anonymous_2)
FNDA:8,(anonymous_3)
DA:2,6
DA:3,6
DA:4,6
DA:13,6
DA:19,6
DA:42,13
DA:43,2
DA:64,8
DA:69,6
LF:9
LH:9
BRDA:42,0,0,2
BRDA:42,0,1,11
BRDA:42,1,0,13
BRDA:42,1,1,11
BRF:4
BRH:4
end_of_record
TN:
SF:routes/index.js
FN:7,(anonymous_0)
FNF:1
FNH:0
FNDA:0,(anonymous_0)
DA:1,6
DA:2,6
DA:3,6
DA:4,6
DA:5,6
DA:7,6
DA:8,0
DA:11,6
DA:12,6
DA:13,6
DA:14,6
DA:15,6
DA:16,6
DA:17,6
DA:18,6
DA:19,6
DA:20,6
DA:21,6
DA:24,6
LF:19
LH:18
BRF:0
BRH:0
end_of_record
