TN:
SF:app.js
FNF:0
FNH:0
DA:1,1
DA:2,1
DA:3,1
DA:4,1
DA:5,1
DA:7,1
DA:8,1
DA:9,1
DA:10,1
DA:11,1
DA:13,1
LF:11
LH:11
BRF:0
BRH:0
end_of_record
TN:
SF:__test__\helper\cleanDb.js
FN:3,cleanUser
FNF:1
FNH:1
FNDA:1,cleanUser
DA:1,1
DA:4,1
DA:5,1
DA:9,1
LF:4
LH:4
BRDA:4,0,0,1
BRDA:4,0,1,0
BRF:2
BRH:1
end_of_record
TN:
SF:config\config.js
FNF:0
FNH:0
DA:1,1
DA:2,1
DA:4,1
DA:5,1
DA:7,1
DA:8,1
DA:9,1
DA:10,1
DA:11,1
DA:13,1
LF:10
LH:10
BRDA:1,0,0,1
BRDA:1,0,1,0
BRDA:4,1,0,1
BRDA:4,1,1,0
BRDA:4,2,0,1
BRDA:4,2,1,1
BRF:6
BRH:4
end_of_record
TN:
SF:controllers\authController.js
FN:6,(anonymous_0)
FN:9,(anonymous_1)
FN:16,(anonymous_2)
FN:21,(anonymous_3)
FN:26,(anonymous_4)
FN:44,(anonymous_5)
FN:49,(anonymous_6)
FN:59,(anonymous_7)
FN:67,(anonymous_8)
FNF:9
FNH:3
FNDA:0,(anonymous_0)
FNDA:0,(anonymous_1)
FNDA:0,(anonymous_2)
FNDA:0,(anonymous_3)
FNDA:0,(anonymous_4)
FNDA:0,(anonymous_5)
FNDA:6,(anonymous_6)
FNDA:1,(anonymous_7)
FNDA:5,(anonymous_8)
DA:1,1
DA:2,1
DA:3,1
DA:7,0
DA:8,0
DA:10,0
DA:11,0
DA:13,0
DA:17,0
DA:22,0
DA:23,0
DA:27,0
DA:28,0
DA:30,0
DA:31,0
DA:32,0
DA:38,0
DA:39,0
DA:41,0
DA:45,0
DA:50,6
DA:52,6
DA:58,6
DA:60,1
DA:68,5
DA:73,1
LF:26
LH:9
BRDA:10,0,0,0
BRDA:10,0,1,0
BRDA:27,1,0,0
BRDA:27,1,1,0
BRDA:31,2,0,0
BRDA:31,2,1,0
BRF:6
BRH:0
end_of_record
TN:
SF:helpers\bcrypt.js
FN:3,hashPassword
FN:9,checkPassword
FNF:2
FNH:1
FNDA:1,hashPassword
FNDA:0,checkPassword
DA:1,1
DA:4,1
DA:5,1
DA:6,1
DA:10,0
DA:13,1
LF:6
LH:5
BRF:0
BRH:0
end_of_record
TN:
SF:helpers\jwt.js
FN:4,generateToken
FN:9,checkToken
FNF:2
FNH:0
FNDA:0,generateToken
FNDA:0,checkToken
DA:1,1
DA:2,1
DA:5,0
DA:6,0
DA:10,0
DA:13,1
LF:6
LH:3
BRF:0
BRH:0
end_of_record
TN:
SF:middlewares\errorhandler.js
FN:1,(anonymous_0)
FN:5,(anonymous_1)
FNF:2
FNH:2
FNDA:5,(anonymous_0)
FNDA:11,(anonymous_1)
DA:1,1
DA:2,5
DA:4,5
DA:5,5
DA:6,11
DA:8,5
DA:9,5
DA:11,0
DA:12,0
DA:14,0
DA:15,0
DA:17,0
DA:18,0
DA:20,0
DA:21,0
DA:23,0
DA:24,0
DA:26,0
DA:27,0
DA:29,0
DA:30,0
DA:34,1
LF:22
LH:8
BRDA:2,0,0,5
BRDA:2,0,1,0
BRDA:2,0,2,0
BRDA:2,0,3,0
BRDA:2,0,4,0
BRDA:2,0,5,0
BRDA:2,0,6,0
BRDA:2,0,7,0
BRDA:16,1,0,0
BRDA:16,1,1,0
BRF:10
BRH:1
end_of_record
TN:
SF:models\flipcard.js
FN:5,(anonymous_0)
FN:12,(anonymous_1)
FNF:2
FNH:2
FNDA:1,(anonymous_0)
FNDA:1,(anonymous_1)
DA:4,1
DA:5,1
DA:14,1
DA:19,1
DA:30,1
LF:5
LH:5
BRF:0
BRH:0
end_of_record
TN:
SF:models\index.js
FN:24,(anonymous_0)
FN:29,(anonymous_1)
FN:37,(anonymous_2)
FNF:3
FNH:3
FNDA:3,(anonymous_0)
FNDA:2,(anonymous_1)
FNDA:2,(anonymous_2)
DA:3,1
DA:4,1
DA:5,1
DA:6,1
DA:7,1
DA:8,1
DA:9,1
DA:12,1
DA:13,0
DA:15,1
DA:23,1
DA:25,3
DA:30,2
DA:34,2
DA:37,1
DA:38,2
DA:39,2
DA:43,1
DA:44,1
DA:46,1
LF:20
LH:19
BRDA:7,0,0,1
BRDA:7,0,1,0
BRDA:12,1,0,0
BRDA:12,1,1,1
BRDA:26,2,0,3
BRDA:26,2,1,3
BRDA:26,2,2,2
BRDA:38,3,0,2
BRDA:38,3,1,0
BRF:9
BRH:6
end_of_record
TN:
SF:models\user.js
FN:4,(anonymous_0)
FN:11,(anonymous_1)
FN:41,(anonymous_2)
FN:63,(anonymous_3)
FNF:4
FNH:4
FNDA:1,(anonymous_0)
FNDA:1,(anonymous_1)
FNDA:6,(anonymous_2)
FNDA:1,(anonymous_3)
DA:2,1
DA:3,1
DA:4,1
DA:13,1
DA:19,1
DA:42,6
DA:43,2
DA:64,1
DA:69,1
LF:9
LH:9
BRDA:42,0,0,2
BRDA:42,0,1,4
BRDA:42,1,0,6
BRDA:42,1,1,4
BRF:4
BRH:4
end_of_record
TN:
SF:routes\index.js
FN:4,(anonymous_0)
FNF:1
FNH:0
FNDA:0,(anonymous_0)
DA:1,1
DA:2,1
DA:4,1
DA:5,0
DA:8,1
DA:9,1
DA:10,1
DA:12,1
LF:8
LH:7
BRF:0
BRH:0
end_of_record
